2026-02-10T12:52:49.637Z [console][warn] Image with src "https://slelguoygbfzlpylpxfs.supabase.co/storage/v1/render/image/public/project-uploads/c601c1cc-61c8-474d-bbc9-2026bfe37c34/logo_withoutname-removebg-1767251276652.png?width=112&height=112&resize=contain" has either width or height modified, but not the other. If you use CSS to change the size of your image, also include the styles 'width: "auto"' or 'height: "auto"' to maintain the aspect ratio.
2026-02-10T12:52:51.485Z [console][warn] Image with src "https://slelguoygbfzlpylpxfs.supabase.co/storage/v1/render/image/public/project-uploads/c601c1cc-61c8-474d-bbc9-2026bfe37c34/logo_withoutname-removebg-1767251276652.png?width=80&height=80&resize=contain" has either width or height modified, but not the other. If you use CSS to change the size of your image, also include the styles 'width: "auto"' or 'height: "auto"' to maintain the aspect ratio.
2026-02-10T13:02:03.367Z [console][error] %o

%s {} The above error occurred in the <AnalyticsDashboard> component. It was handled by the <ErrorBoundary> error boundary.
2026-02-10T13:02:13.507Z [console][error] ./src/app/admin/page.tsx
Error:   x Expected '}', got '<eof>'
     ,-[/home/user/app/src/app/admin/page.tsx:264:1]
 261 |       const { count: currentUsers } = await supabase.from('profiles').select('*', { count: 'exact', head: true }).gte('created_at', thirtyDaysAgo);
 262 |       const { count: previousUsers } = await supabase.from('profiles').select('*', { count: 'exact', head: true }).lt('created_at', thirtyDaysAgo).gte('created_at', sixtyDaysAgo);
 263 | 
 264 |       const { count: currentEnquiries } = await s
     `----
  x Expected a semicolon
     ,-[/home/user/app/src/app/admin/page.tsx:264:1]
 261 |       const { count: currentUsers } = await supabase.from('profiles').select('*', { count: 'exact', head: true }).gte('created_at', thirtyDaysAgo);
 262 |       const { count: previousUsers } = await supabase.from('profiles').select('*', { count: 'exact', head: true }).lt('created_at', thirtyDaysAgo).gte('created_at', sixtyDaysAgo);
 263 | 
 264 |       const { count: currentEnquiries } = await s
     `----

Caused by:
    Syntax Error

Import trace for requested module:
./src/app/admin/page.tsx
2026-02-10T13:02:16.593Z [console][error] ./src/app/admin/page.tsx
Error:   x Expected '}', got '<eof>'
     ,-[/home/user/app/src/app/admin/page.tsx:225:1]
 222 | 
 223 |   useEffect(() => {
 224 |     setMounted(true);
 225 |     checkAuth()
     `----
  x Unexpected eof
     ,-[/home/user/app/src/app/admin/page.tsx:225:1]
 222 | 
 223 |   useEffect(() => {
 224 |     setMounted(true);
 225 |     checkAuth()
     `----

Caused by:
    Syntax Error

Import trace for requested module:
./src/app/admin/page.tsx
2026-02-10T13:02:03.367Z [console][error] %o

%s {} The above error occurred in the <AnalyticsDashboard> component. It was handled by the <ErrorBoundary> error boundary.
2026-02-10T13:02:13.507Z [console][error] ./src/app/admin/page.tsx
Error:   x Expected '}', got '<eof>'
     ,-[/home/user/app/src/app/admin/page.tsx:264:1]
 261 |       const { count: currentUsers } = await supabase.from('profiles').select('*', { count: 'exact', head: true }).gte('created_at', thirtyDaysAgo);
 262 |       const { count: previousUsers } = await supabase.from('profiles').select('*', { count: 'exact', head: true }).lt('created_at', thirtyDaysAgo).gte('created_at', sixtyDaysAgo);
 263 | 
 264 |       const { count: currentEnquiries } = await s
     `----
  x Expected a semicolon
     ,-[/home/user/app/src/app/admin/page.tsx:264:1]
 261 |       const { count: currentUsers } = await supabase.from('profiles').select('*', { count: 'exact', head: true }).gte('created_at', thirtyDaysAgo);
 262 |       const { count: previousUsers } = await supabase.from('profiles').select('*', { count: 'exact', head: true }).lt('created_at', thirtyDaysAgo).gte('created_at', sixtyDaysAgo);
 263 | 
 264 |       const { count: currentEnquiries } = await s
     `----

Caused by:
    Syntax Error

Import trace for requested module:
./src/app/admin/page.tsx
2026-02-10T13:02:16.593Z [console][error] ./src/app/admin/page.tsx
Error:   x Expected '}', got '<eof>'
     ,-[/home/user/app/src/app/admin/page.tsx:225:1]
 222 | 
 223 |   useEffect(() => {
 224 |     setMounted(true);
 225 |     checkAuth()
     `----
  x Unexpected eof
     ,-[/home/user/app/src/app/admin/page.tsx:225:1]
 222 | 
 223 |   useEffect(() => {
 224 |     setMounted(true);
 225 |     checkAuth()
     `----

Caused by:
    Syntax Error

Import trace for requested module:
./src/app/admin/page.tsx
2026-02-10T13:02:03.367Z [console][error] %o

%s {} The above error occurred in the <AnalyticsDashboard> component. It was handled by the <ErrorBoundary> error boundary.
2026-02-10T13:02:13.507Z [console][error] ./src/app/admin/page.tsx
Error:   x Expected '}', got '<eof>'
     ,-[/home/user/app/src/app/admin/page.tsx:264:1]
 261 |       const { count: currentUsers } = await supabase.from('profiles').select('*', { count: 'exact', head: true }).gte('created_at', thirtyDaysAgo);
 262 |       const { count: previousUsers } = await supabase.from('profiles').select('*', { count: 'exact', head: true }).lt('created_at', thirtyDaysAgo).gte('created_at', sixtyDaysAgo);
 263 | 
 264 |       const { count: currentEnquiries } = await s
     `----
  x Expected a semicolon
     ,-[/home/user/app/src/app/admin/page.tsx:264:1]
 261 |       const { count: currentUsers } = await supabase.from('profiles').select('*', { count: 'exact', head: true }).gte('created_at', thirtyDaysAgo);
 262 |       const { count: previousUsers } = await supabase.from('profiles').select('*', { count: 'exact', head: true }).lt('created_at', thirtyDaysAgo).gte('created_at', sixtyDaysAgo);
 263 | 
 264 |       const { count: currentEnquiries } = await s
     `----

Caused by:
    Syntax Error

Import trace for requested module:
./src/app/admin/page.tsx
2026-02-10T13:02:16.593Z [console][error] ./src/app/admin/page.tsx
Error:   x Expected '}', got '<eof>'
     ,-[/home/user/app/src/app/admin/page.tsx:225:1]
 222 | 
 223 |   useEffect(() => {
 224 |     setMounted(true);
 225 |     checkAuth()
     `----
  x Unexpected eof
     ,-[/home/user/app/src/app/admin/page.tsx:225:1]
 222 | 
 223 |   useEffect(() => {
 224 |     setMounted(true);
 225 |     checkAuth()
     `----

Caused by:
    Syntax Error

Import trace for requested module:
./src/app/admin/page.tsx
2026-02-10T13:03:55.439Z [network][HEAD 200] https://eochjxjoyibtjawzgauk.supabase.co/rest/v1/profiles?select=*&created_at=gte.2026-01-11T13%3A03%3A52.054Z
2026-02-10T13:03:55.772Z [network][HEAD 200] https://eochjxjoyibtjawzgauk.supabase.co/rest/v1/profiles?select=*&created_at=lt.2026-01-11T13%3A03%3A52.054Z&created_at=gte.2025-12-12T13%3A03%3A52.054Z
2026-02-10T13:03:56.140Z [network][HEAD 200] https://eochjxjoyibtjawzgauk.supabase.co/rest/v1/enquiries?select=*&created_at=gte.2026-01-11T13%3A03%3A52.054Z
2026-02-10T13:03:56.556Z [network][HEAD 200] https://eochjxjoyibtjawzgauk.supabase.co/rest/v1/enquiries?select=*&created_at=lt.2026-01-11T13%3A03%3A52.054Z&created_at=gte.2025-12-12T13%3A03%3A52.054Z
2026-02-10T13:03:56.966Z [network][GET 200] https://eochjxjoyibtjawzgauk.supabase.co/rest/v1/bookings?select=*&order=created_at.desc
  response: [{"id":"11dea59b-49cb-40ca-843e-5469832cb816","full_name":"Trial ","email":"rudramjoshi.r@gmail.com","phone":"1234567890","date_of_birth":"2008-04-04","time_of_birth":"04:50:00","place_of_birth":"DGFKJ","service_type":"home","booking_date":"2026-02-10","booking_time":"11:00:00","special_requests":"GCHVJBKNLM","payment_status":"pending","payment_intent_id":null,"amount":2101,"status":"pending","created_at":"2026-02-10T05:49:36.255917+00:00","city":"AHMEDABAD","address":"hhhhhh","invoice_number":"ASTRO26004","payment_id":null},{"id":"4599b13d-4866-4b0f-9cf4-81288739ce35","full_name":"Trial ","email":"rudramjoshi.r@gmail.com","phone":"1234567890","date_of_birth":"2024-02-12","time_of_birth":"12:50:00","place_of_birth":"ahmedabd","service_type":"online","booking_date":"2026-02-09","booking_time":"11:00:00","special_requests":"Career ","payment_status":"pending","payment_intent_id":null,"amount":851,"status":"pending","created_at":"2026-02-09T07:19:45.429614+00:00","city":"AHMEDABAD","address":null,"invoice_number":"ASTRO26003","payment_id":null},{"id":"4aac8ce5-6f93-4a4b-a825-d3c6a98b930e","full_name":"Rahee","email":"raheejoshi@gmail.com","phone":"9824929588","date_of_birth":"2009-07-28","time_of_birth":"04:44:00","place_of_birth":"Ahmedabad","service_type":"home","booking_date":"2026-02-04","booking_time":"14:00:00","special_requests":"Trial","payment_status":"pending","payment_intent_id":null,"amount":1101,"status":"pending","created_at":"2026-02-04T12:29:33.642806+00:00","city":"Ahmedabad","address":"Trial","invoice_number":"ASTRO26002","payment_id":null},{"id":"eb3cfe44-e438-4981-b39d-47b88d613c87","full_name":"Rahee","email":"raheejoshi@gmail.com","phone":"9824929588","date_of_birth":"2009-07-28","time_of_birth":"15:59:00","place_of_birth":"Ahmedabad","service_type":"online","booking_date":"2026-02-04","booking_time":"11:00:00","special_requests":"ahmedabad","payment_status":"pending","payment_intent_id":null,"amount":851,"status":"pending","created_at":"2026-02-0... [truncated]
2026-02-10T13:03:53.401Z [network][HEAD 200] https://eochjxjoyibtjawzgauk.supabase.co/rest/v1/bookings?select=*
2026-02-10T13:03:53.754Z [network][HEAD 200] https://eochjxjoyibtjawzgauk.supabase.co/rest/v1/profiles?select=*
2026-02-10T13:03:54.096Z [network][HEAD 200] https://eochjxjoyibtjawzgauk.supabase.co/rest/v1/enquiries?select=*
2026-02-10T13:03:54.430Z [network][GET 200] https://eochjxjoyibtjawzgauk.supabase.co/rest/v1/bookings?select=amount%2Ccreated_at&payment_status=eq.completed
  response: []
2026-02-10T13:03:54.764Z [network][HEAD 200] https://eochjxjoyibtjawzgauk.supabase.co/rest/v1/bookings?select=*&created_at=gte.2026-01-11T13%3A03%3A52.054Z
2026-02-10T13:03:55.097Z [network][HEAD 200] https://eochjxjoyibtjawzgauk.supabase.co/rest/v1/bookings?select=*&created_at=lt.2026-01-11T13%3A03%3A52.054Z&created_at=gte.2025-12-12T13%3A03%3A52.054Z
2026-02-10T13:03:57.484Z [network][GET 200] https://eochjxjoyibtjawzgauk.supabase.co/rest/v1/blocked_dates?select=*&order=date.asc
  response: []
2026-02-10T13:03:57.484Z [network][GET 200] https://eochjxjoyibtjawzgauk.supabase.co/rest/v1/enquiries?select=*&order=created_at.desc
  response: [{"id":"f1ba0a43-79ac-4702-a177-44e238697d63","name":"Test User","email":"test@example.com","phone":null,"subject":"Test Subject","message":"This is a test message with more than 10 characters.","status":"pending","created_at":"2026-02-04T16:22:27.454912+00:00"},{"id":"5963d499-6872-415c-95ea-581530e7178f","name":"Test User","email":"test@test.com","phone":"1234567890","subject":"Test Subject","message":"Test message for database check","status":"pending","created_at":"2026-02-04T12:05:03.545734+00:00"}]
2026-02-10T13:03:57.484Z [network][GET 200] https://eochjxjoyibtjawzgauk.supabase.co/rest/v1/feedback?select=*&order=created_at.desc
  response: []
2026-02-10T13:03:57.527Z [network][GET 200] https://eochjxjoyibtjawzgauk.supabase.co/rest/v1/meeting_codes?select=*&order=created_at.desc
  response: []
2026-02-10T13:03:57.527Z [network][GET 200] https://eochjxjoyibtjawzgauk.supabase.co/rest/v1/profiles?select=*&order=created_at.desc
  response: [{"id":"07a48313-8591-4c8d-ae37-94befff65565","name":"Thakor Yuvraj ","email":"tnaran222@gmail.com","phone":"9054147723","gender":"male","dob":"2007-12-08","tob":"23:44:00","pob":"Thaltej,  ahemdabad","password":"$2b$10$CfWP2xRen9.LI7KHZJ/wPeLOq6S9komFIz.4zDZtfT0ugwElX3Uzi","clear_password":"Yuvraj@1234","email_verified":true,"role":"user","created_at":"2026-02-10T07:17:38.867833+00:00"},{"id":"97020bf9-9a47-4007-b359-2458d2b13d0e","name":"Anirudh ","email":"pritija776@gmail.com","phone":"7984992817","gender":"male","dob":"2006-09-30","tob":"10:41:00","pob":"Ahemdabad, gujarat ","password":"$2b$10$Ibu3KN8mOm6toERqAOppteNRtUGC3iohCwCR8wkZHAlEmPpYkMm2y","clear_password":"Star@4851","email_verified":true,"role":"user","created_at":"2026-02-09T05:12:32.218464+00:00"},{"id":"2864efb7-91a6-4e52-bf5d-d08e1e4b5355","name":"Aayush singh ","email":"aayushraj3505@gmail.com","phone":"6354603451","gender":"male","dob":"2006-01-11","tob":"00:05:00","pob":"Patna, bihar ","password":"$2b$10$C6RLC84mCpcwyfGOgJS3c.67DdqfkD3.75teK0jEaCy8WgSQUV3jO","clear_password":"Star@3910","email_verified":true,"role":"user","created_at":"2026-02-09T04:13:10.399446+00:00"},{"id":"4ac70c10-34c4-4e50-9289-c80ae660a345","name":"Neel","email":"gujcet2025@gmail.com","phone":"7016080523","gender":"male","dob":"2007-05-04","tob":"02:00:00","pob":"Ahmedabad, Gujarat ","password":"$2b$10$p3aWKXw4ZDRYrmTWuOc62ODqz.F..W08cDdb.HD4jqdu5uSlRi3Vm","clear_password":"Astro@1234","email_verified":true,"role":"user","created_at":"2026-02-09T03:31:14.201206+00:00"},{"id":"4e75c124-f72d-4e30-9c0d-266671495c57","name":"Vijay Sharma ","email":"yogisales@gmail.com","phone":"9370677966","gender":"male","dob":"1970-02-14","tob":"14:10:00","pob":"Mumbai ","password":"$2b$10$B5tiU7laJ/XgeJbzJ1Ql7eViYcSHI5PFP.aF/snh0qtshurqiwU8q","clear_password":"#Yogi1402","email_verified":true,"role":"user","created_at":"2026-02-08T08:47:51.549524+00:00"},{"id":"ca97526a-8c07-4acb-b2cf-050d8a4ac314","name":"Patel Joy","email":"pateljoy895@g... [truncated]
2026-02-10T13:03:57.527Z [network][GET 200] https://eochjxjoyibtjawzgauk.supabase.co/rest/v1/password_reset_requests?select=*&order=created_at.desc
  response: []
2026-02-10T13:03:57.895Z [network][GET 200] https://eochjxjoyibtjawzgauk.supabase.co/rest/v1/admin_settings?select=*
  response: [{"key":"admin_login_otp","value":"260944","updated_at":"2026-02-04T11:57:52.471311+00:00"},{"key":"admin_login_otp_expiry","value":"2026-02-10T13:07:37.190Z","updated_at":"2026-02-04T11:57:52.471311+00:00"}]
2026-02-10T13:04:36.183Z [network][GET 200] /api/admin/analytics?period=7d
  response: {"success":true,"data":{"totalViews":61,"uniqueSessions":32,"topPages":[{"path":"/","count":56},{"path":"/services","count":3},{"path":"/test","count":1},{"path":"/profile","count":1}],"devices":{"desktop":60,"mobile":1},"browsers":{"Chrome":53,"other":8},"topReferrers":[{"source":"www.orchids.app","count":29},{"source":"www.google.com","count":1},{"source":"google.com","count":1}],"chartData":[{"date":"2026-02-03","count":0},{"date":"2026-02-04","count":0},{"date":"2026-02-05","count":0},{"date":"2026-02-06","count":0},{"date":"2026-02-07","count":0},{"date":"2026-02-08","count":0},{"date":"2026-02-09","count":0},{"date":"2026-02-10","count":61}]}}
2026-02-10T13:04:39.902Z [network][GET 200] /api/admin/analytics?period=7d
  response: {"success":true,"data":{"totalViews":61,"uniqueSessions":32,"topPages":[{"path":"/","count":56},{"path":"/services","count":3},{"path":"/test","count":1},{"path":"/profile","count":1}],"devices":{"desktop":60,"mobile":1},"browsers":{"Chrome":53,"other":8},"topReferrers":[{"source":"www.orchids.app","count":29},{"source":"www.google.com","count":1},{"source":"google.com","count":1}],"chartData":[{"date":"2026-02-03","count":0},{"date":"2026-02-04","count":0},{"date":"2026-02-05","count":0},{"date":"2026-02-06","count":0},{"date":"2026-02-07","count":0},{"date":"2026-02-08","count":0},{"date":"2026-02-09","count":0},{"date":"2026-02-10","count":61}]}}
2026-02-10T13:04:47.240Z [network][GET 200] /api/admin/seo
  response: {"success":true,"data":[{"id":"fbaa7236-7761-4557-9eff-3ecd2541032a","page_path":"/","meta_title":"Katyaayani Astrologer with modern solution","meta_description":"Katyaayani Astrologer connects modern times with Vedic astrology, blending ancient wisdom with today’s technology to provide accurate guidance, practical solutions, and personalized remedies — creating a perfect balance between tradition and contemporary life.","meta_keywords":"Katyaayani Astrologer, Katyayani Astrologer, astro, Gujarati astrology, kundli reading, horoscope Gujarati, astrology consultationlogy, trending astrology, modern astrology, jyotish, accurate astrology, trending, ai astrology, good website for astrology, katyaayani astrology, katyaayani astro, katyaayani , astrology, katyayani astrologer,katyayani astrologer","og_title":" Katyaayani Astrologer","og_description":"","og_image":"https://eochjxjoyibtjawzgauk.supabase.co/storage/v1/object/sign/LOGO/logo.png?token=eyJraWQiOiJzdG9yYWdlLXVybC1zaWduaW5nLWtleV9lNDU5NmZjNy0zMDAyLTQyMDAtYjFhMS00NGRlZTJjZDdlZTIiLCJhbGciOiJIUzI1NiJ9.eyJ1cmwiOiJMT0dPL2xvZ28ucG5nIiwiaWF0IjoxNzcwNzA4OTUyLCJleHAiOjE4MDIyNDQ5NTJ9.gvQ8gXfA3ANh-Kv2uU0yZUEuYmPz27FEMeIbKXCLsHo","canonical_url":"https://katyaayaniastrology.com/home","robots":"index, follow","schema_markup":{"url":"https://katyaayaniastrologer.com","logo":"https://eochjxjoyibtjawzgauk.supabase.co/storage/v1/object/sign/LOGO/logo.png?token=eyJraWQiOiJzdG9yYWdlLXVybC1zaWduaW5nLWtleV9lNDU5NmZjNy0zMDAyLTQyMDAtYjFhMS00NGRlZTJjZDdlZTIiLCJhbGciOiJIUzI1NiJ9.eyJ1cmwiOiJMT0dPL2xvZ28ucG5nIiwiaWF0IjoxNzcwNzA4OTUyLCJleHAiOjE4MDIyNDQ5NTJ9.gvQ8gXfA3ANh-Kv2uU0yZUEuYmPz27FEMeIbKXCLsHo","name":"Katyaayani Astrologer","@type":"LocalBusiness","image":"https://eochjxjoyibtjawzgauk.supabase.co/storage/v1/object/sign/LOGO/logo.png?token=eyJraWQiOiJzdG9yYWdlLXVybC1zaWduaW5nLWtleV9lNDU5NmZjNy0zMDAyLTQyMDAtYjFhMS00NGRlZTJjZDdlZTIiLCJhbGciOiJIUzI1NiJ9.eyJ1cmwiOiJMT0dPL2xvZ28ucG5nIiwiaWF0IjoxNzcwNzA4OTUyLCJleHAiOjE4MDIyNDQ5NTJ9.gvQ8gX... [truncated]
2026-02-10T13:04:48.241Z [network][GET 200] /api/admin/seo
  response: {"success":true,"data":[{"id":"fbaa7236-7761-4557-9eff-3ecd2541032a","page_path":"/","meta_title":"Katyaayani Astrologer with modern solution","meta_description":"Katyaayani Astrologer connects modern times with Vedic astrology, blending ancient wisdom with today’s technology to provide accurate guidance, practical solutions, and personalized remedies — creating a perfect balance between tradition and contemporary life.","meta_keywords":"Katyaayani Astrologer, Katyayani Astrologer, astro, Gujarati astrology, kundli reading, horoscope Gujarati, astrology consultationlogy, trending astrology, modern astrology, jyotish, accurate astrology, trending, ai astrology, good website for astrology, katyaayani astrology, katyaayani astro, katyaayani , astrology, katyayani astrologer,katyayani astrologer","og_title":" Katyaayani Astrologer","og_description":"","og_image":"https://eochjxjoyibtjawzgauk.supabase.co/storage/v1/object/sign/LOGO/logo.png?token=eyJraWQiOiJzdG9yYWdlLXVybC1zaWduaW5nLWtleV9lNDU5NmZjNy0zMDAyLTQyMDAtYjFhMS00NGRlZTJjZDdlZTIiLCJhbGciOiJIUzI1NiJ9.eyJ1cmwiOiJMT0dPL2xvZ28ucG5nIiwiaWF0IjoxNzcwNzA4OTUyLCJleHAiOjE4MDIyNDQ5NTJ9.gvQ8gXfA3ANh-Kv2uU0yZUEuYmPz27FEMeIbKXCLsHo","canonical_url":"https://katyaayaniastrology.com/home","robots":"index, follow","schema_markup":{"url":"https://katyaayaniastrologer.com","logo":"https://eochjxjoyibtjawzgauk.supabase.co/storage/v1/object/sign/LOGO/logo.png?token=eyJraWQiOiJzdG9yYWdlLXVybC1zaWduaW5nLWtleV9lNDU5NmZjNy0zMDAyLTQyMDAtYjFhMS00NGRlZTJjZDdlZTIiLCJhbGciOiJIUzI1NiJ9.eyJ1cmwiOiJMT0dPL2xvZ28ucG5nIiwiaWF0IjoxNzcwNzA4OTUyLCJleHAiOjE4MDIyNDQ5NTJ9.gvQ8gXfA3ANh-Kv2uU0yZUEuYmPz27FEMeIbKXCLsHo","name":"Katyaayani Astrologer","@type":"LocalBusiness","image":"https://eochjxjoyibtjawzgauk.supabase.co/storage/v1/object/sign/LOGO/logo.png?token=eyJraWQiOiJzdG9yYWdlLXVybC1zaWduaW5nLWtleV9lNDU5NmZjNy0zMDAyLTQyMDAtYjFhMS00NGRlZTJjZDdlZTIiLCJhbGciOiJIUzI1NiJ9.eyJ1cmwiOiJMT0dPL2xvZ28ucG5nIiwiaWF0IjoxNzcwNzA4OTUyLCJleHAiOjE4MDIyNDQ5NTJ9.gvQ8gX... [truncated]
2026-02-10T13:05:20.185Z [network][GET 200] /api/admin/seo?page_path=%2F
  response: {"success":true,"data":{"id":"fbaa7236-7761-4557-9eff-3ecd2541032a","page_path":"/","meta_title":"Katyaayani Astrologer with modern solution","meta_description":"Katyaayani Astrologer connects modern times with Vedic astrology, blending ancient wisdom with today’s technology to provide accurate guidance, practical solutions, and personalized remedies — creating a perfect balance between tradition and contemporary life.","meta_keywords":"Katyaayani Astrologer, Katyayani Astrologer, astro, Gujarati astrology, kundli reading, horoscope Gujarati, astrology consultationlogy, trending astrology, modern astrology, jyotish, accurate astrology, trending, ai astrology, good website for astrology, katyaayani astrology, katyaayani astro, katyaayani , astrology, katyayani astrologer,katyayani astrologer","og_title":" Katyaayani Astrologer","og_description":"","og_image":"https://eochjxjoyibtjawzgauk.supabase.co/storage/v1/object/sign/LOGO/logo.png?token=eyJraWQiOiJzdG9yYWdlLXVybC1zaWduaW5nLWtleV9lNDU5NmZjNy0zMDAyLTQyMDAtYjFhMS00NGRlZTJjZDdlZTIiLCJhbGciOiJIUzI1NiJ9.eyJ1cmwiOiJMT0dPL2xvZ28ucG5nIiwiaWF0IjoxNzcwNzA4OTUyLCJleHAiOjE4MDIyNDQ5NTJ9.gvQ8gXfA3ANh-Kv2uU0yZUEuYmPz27FEMeIbKXCLsHo","canonical_url":"https://katyaayaniastrology.com/home","robots":"index, follow","schema_markup":{"url":"https://katyaayaniastrologer.com","logo":"https://eochjxjoyibtjawzgauk.supabase.co/storage/v1/object/sign/LOGO/logo.png?token=eyJraWQiOiJzdG9yYWdlLXVybC1zaWduaW5nLWtleV9lNDU5NmZjNy0zMDAyLTQyMDAtYjFhMS00NGRlZTJjZDdlZTIiLCJhbGciOiJIUzI1NiJ9.eyJ1cmwiOiJMT0dPL2xvZ28ucG5nIiwiaWF0IjoxNzcwNzA4OTUyLCJleHAiOjE4MDIyNDQ5NTJ9.gvQ8gXfA3ANh-Kv2uU0yZUEuYmPz27FEMeIbKXCLsHo","name":"Katyaayani Astrologer","@type":"LocalBusiness","image":"https://eochjxjoyibtjawzgauk.supabase.co/storage/v1/object/sign/LOGO/logo.png?token=eyJraWQiOiJzdG9yYWdlLXVybC1zaWduaW5nLWtleV9lNDU5NmZjNy0zMDAyLTQyMDAtYjFhMS00NGRlZTJjZDdlZTIiLCJhbGciOiJIUzI1NiJ9.eyJ1cmwiOiJMT0dPL2xvZ28ucG5nIiwiaWF0IjoxNzcwNzA4OTUyLCJleHAiOjE4MDIyNDQ5NTJ9.gvQ8gXf... [truncated]
2026-02-10T13:05:20.531Z [network][GET 200] /api/panchang?t=2026-02-10
  response: {"success":true,"data":{"date":"2026-02-10","vaara":{"english":"Tuesday (Mangalvaar)","hindi":"मंगलवार","gujarati":"મંગળવાર"},"tithi":{"number":24,"english":"Navami","hindi":"नवमी","gujarati":"નવમી"},"paksha":{"english":"Krishna Paksha (Dark Half)","hindi":"कृष्ण पक्ष","gujarati":"કૃષ્ણ પક્ષ (વદ)"},"nakshatra":{"english":"Anuradha","hindi":"अनुराधा","gujarati":"અનુરાધા"},"yoga":{"english":"Dhruva","hindi":"ध्रुव","gujarati":"ધ્રુવ"},"karana":{"english":"Kaulava","hindi":"कौलव","gujarati":"કૌલવ"},"moonRashi":{"english":"Scorpio (Vrishchik)","hindi":"वृश्चिक","gujarati":"વૃશ્ચિક"},"sunRashi":{"english":"Capricorn (Makar)","hindi":"मकर","gujarati":"મકર"},"hinduMonth":{"english":"Magha","hindi":"माघ","gujarati":"માઘ"},"sunrise":"07:15","sunset":"18:33","tithiEnd":{"time":"22:03","date":"2026-02-10"},"nakshatraEnd":{"time":"22:54","date":"2026-02-10"},"yogaEnd":{"time":"13:42","date":"2026-02-10"},"karanaEnd":{"time":"08:47","date":"2026-02-10"},"moonRashiEnd":{"time":"01:44","date":"2026-02-12"},"sunRashiEnd":{"time":"15:47","date":"2026-02-12"}}}
2026-02-10T13:05:20.554Z [network][GET 200] /api/panchang?t=2026-02-10
  response: {"success":true,"data":{"date":"2026-02-10","vaara":{"english":"Tuesday (Mangalvaar)","hindi":"मंगलवार","gujarati":"મંગળવાર"},"tithi":{"number":24,"english":"Navami","hindi":"नवमी","gujarati":"નવમી"},"paksha":{"english":"Krishna Paksha (Dark Half)","hindi":"कृष्ण पक्ष","gujarati":"કૃષ્ણ પક્ષ (વદ)"},"nakshatra":{"english":"Anuradha","hindi":"अनुराधा","gujarati":"અનુરાધા"},"yoga":{"english":"Dhruva","hindi":"ध्रुव","gujarati":"ધ્રુવ"},"karana":{"english":"Kaulava","hindi":"कौलव","gujarati":"કૌલવ"},"moonRashi":{"english":"Scorpio (Vrishchik)","hindi":"वृश्चिक","gujarati":"વૃશ્ચિક"},"sunRashi":{"english":"Capricorn (Makar)","hindi":"मकर","gujarati":"મકર"},"hinduMonth":{"english":"Magha","hindi":"माघ","gujarati":"માઘ"},"sunrise":"07:15","sunset":"18:33","tithiEnd":{"time":"22:03","date":"2026-02-10"},"nakshatraEnd":{"time":"22:54","date":"2026-02-10"},"yogaEnd":{"time":"13:42","date":"2026-02-10"},"karanaEnd":{"time":"08:47","date":"2026-02-10"},"moonRashiEnd":{"time":"01:44","date":"2026-02-12"},"sunRashiEnd":{"time":"15:47","date":"2026-02-12"}}}
2026-02-10T13:05:20.623Z [network][POST 200] /api/admin/analytics
  request: {"page_path":"/","page_title":"Katyaayani Astrologer with modern solution","referrer":"https://www.orchids.app/","session_id":"hwqnykgeczamlglovyk"}
  response: {"success":true}
2026-02-10T13:39:11.723Z [console][error] %o

%s {} The above error occurred in the <MenuProvider> component. It was handled by the <ErrorBoundary> error boundary.
